This is pdfTeX, Version 3.14159265-2.6-1.40.19 (MiKTeX 2.9.6930 64-bit) (preloaded format=pdflatex 2019.2.15)  20 MAY 2022 16:12
entering extended mode
**"./Algoritmos para programacion competitiva.tex"
("Algoritmos para programacion competitiva.tex"
LaTeX2e <2018-12-01>
("C:\Users\wilmer-PC\AppData\Local\Programs\MiKTeX 2.9\tex/latex/base\book.cls"
Document Class: book 2018/09/03 v1.4i Standard LaTeX document class
("C:\Users\wilmer-PC\AppData\Local\Programs\MiKTeX 2.9\tex/latex/base\bk12.clo"
File: bk12.clo 2018/09/03 v1.4i Standard LaTeX file (size option)
)
\c@part=\count80
\c@chapter=\count81
\c@section=\count82
\c@subsection=\count83
\c@subsubsection=\count84
\c@paragraph=\count85
\c@subparagraph=\count86
\c@figure=\count87
\c@table=\count88
\abovecaptionskip=\skip41
\belowcaptionskip=\skip42
\bibindent=\dimen102
)
("C:\Users\wilmer-PC\AppData\Local\Programs\MiKTeX 2.9\tex/latex/base\inputenc.
sty"
Package: inputenc 2018/08/11 v1.3c Input encoding file
\inpenc@prehook=\toks14
\inpenc@posthook=\toks15
)
("C:\Users\wilmer-PC\AppData\Local\Programs\MiKTeX 2.9\tex/generic/babel\babel.
sty"
Package: babel 2018/11/13 3.27 The Babel package

("C:\Users\wilmer-PC\AppData\Local\Programs\MiKTeX 2.9\tex/generic/babel\switch
.def"
File: switch.def 2018/11/13 3.27 Babel switching mechanism
)
*************************************
* Local config file bblopts.cfg used
*

("C:\Users\wilmer-PC\AppData\Local\Programs\MiKTeX 2.9\tex/latex/arabi\bblopts.
cfg"
File: bblopts.cfg 2005/09/08 v0.1 add Arabic and Farsi to "declared" options of
 babel
)
("C:\Users\wilmer-PC\AppData\Local\Programs\MiKTeX 2.9\tex/latex/babel-spanish\
spanish.ldf"
Language: spanish.ldf 2016/03/03 v5.0p Spanish support from the babel system

("C:\Users\wilmer-PC\AppData\Local\Programs\MiKTeX 2.9\tex/generic/babel\babel.
def"
File: babel.def 2018/11/13 3.27 Babel common definitions
\babel@savecnt=\count89
\U@D=\dimen103

("C:\Users\wilmer-PC\AppData\Local\Programs\MiKTeX 2.9\tex/generic/babel\txtbab
el.def")
\bbl@dirlevel=\count90
)
\es@quottoks=\toks16
\es@quotdepth=\count91
Package babel Info: Making " an active character on input line 561.
Package babel Info: Making . an active character on input line 662.
Package babel Info: Making < an active character on input line 707.
Package babel Info: Making > an active character on input line 707.
))
("C:\Users\wilmer-PC\AppData\Local\Programs\MiKTeX 2.9\tex/latex/titling\titlin
g.sty"
Package: titling 2009/09/04 v2.1d maketitle typesetting
\thanksmarkwidth=\skip43
\thanksmargin=\skip44
\droptitle=\skip45
)
("C:\Users\wilmer-PC\AppData\Local\Programs\MiKTeX 2.9\tex/latex/geometry\geome
try.sty"
Package: geometry 2018/04/16 v5.8 Page Geometry

("C:\Users\wilmer-PC\AppData\Local\Programs\MiKTeX 2.9\tex/latex/graphics\keyva
l.sty"
Package: keyval 2014/10/28 v1.15 key=value parser (DPC)
\KV@toks@=\toks17
)
("C:\Users\wilmer-PC\AppData\Local\Programs\MiKTeX 2.9\tex/generic/oberdiek\ifp
df.sty"
Package: ifpdf 2018/09/07 v3.3 Provides the ifpdf switch
)
("C:\Users\wilmer-PC\AppData\Local\Programs\MiKTeX 2.9\tex/generic/oberdiek\ifv
tex.sty"
Package: ifvtex 2016/05/16 v1.6 Detect VTeX and its facilities (HO)
Package ifvtex Info: VTeX not detected.
)
("C:\Users\wilmer-PC\AppData\Local\Programs\MiKTeX 2.9\tex/generic/ifxetex\ifxe
tex.sty"
Package: ifxetex 2010/09/12 v0.6 Provides ifxetex conditional
)
\Gm@cnth=\count92
\Gm@cntv=\count93
\c@Gm@tempcnt=\count94
\Gm@bindingoffset=\dimen104
\Gm@wd@mp=\dimen105
\Gm@odd@mp=\dimen106
\Gm@even@mp=\dimen107
\Gm@layoutwidth=\dimen108
\Gm@layoutheight=\dimen109
\Gm@layouthoffset=\dimen110
\Gm@layoutvoffset=\dimen111
\Gm@dimlist=\toks18

("C:\Users\wilmer-PC\AppData\Local\Programs\MiKTeX 2.9\tex/latex/geometry\geome
try.cfg"))
("C:\Users\wilmer-PC\AppData\Local\Programs\MiKTeX 2.9\tex/latex/tools\enumerat
e.sty"
Package: enumerate 2015/07/23 v3.00 enumerate extensions (DPC)
\@enLab=\toks19
)
("C:\Users\wilmer-PC\AppData\Local\Programs\MiKTeX 2.9\tex/latex/amsmath\amsmat
h.sty"
Package: amsmath 2018/12/01 v2.17b AMS math features
\@mathmargin=\skip46

For additional information on amsmath, use the `?' option.

("C:\Users\wilmer-PC\AppData\Local\Programs\MiKTeX 2.9\tex/latex/amsmath\amstex
t.sty"
Package: amstext 2000/06/29 v2.01 AMS text

("C:\Users\wilmer-PC\AppData\Local\Programs\MiKTeX 2.9\tex/latex/amsmath\amsgen
.sty"
File: amsgen.sty 1999/11/30 v2.0 generic functions
\@emptytoks=\toks20
\ex@=\dimen112
))
("C:\Users\wilmer-PC\AppData\Local\Programs\MiKTeX 2.9\tex/latex/amsmath\amsbsy
.sty"
Package: amsbsy 1999/11/29 v1.2d Bold Symbols
\pmbraise@=\dimen113
)
("C:\Users\wilmer-PC\AppData\Local\Programs\MiKTeX 2.9\tex/latex/amsmath\amsopn
.sty"
Package: amsopn 2016/03/08 v2.02 operator names
)
\inf@bad=\count95
LaTeX Info: Redefining \frac on input line 223.
\uproot@=\count96
\leftroot@=\count97
LaTeX Info: Redefining \overline on input line 385.
\classnum@=\count98
\DOTSCASE@=\count99
LaTeX Info: Redefining \ldots on input line 482.
LaTeX Info: Redefining \dots on input line 485.
LaTeX Info: Redefining \cdots on input line 606.
\Mathstrutbox@=\box27
\strutbox@=\box28
\big@size=\dimen114
LaTeX Font Info:    Redeclaring font encoding OML on input line 729.
LaTeX Font Info:    Redeclaring font encoding OMS on input line 730.
\macc@depth=\count100
\c@MaxMatrixCols=\count101
\dotsspace@=\muskip10
\c@parentequation=\count102
\dspbrk@lvl=\count103
\tag@help=\toks21
\row@=\count104
\column@=\count105
\maxfields@=\count106
\andhelp@=\toks22
\eqnshift@=\dimen115
\alignsep@=\dimen116
\tagshift@=\dimen117
\tagwidth@=\dimen118
\totwidth@=\dimen119
\lineht@=\dimen120
\@envbody=\toks23
\multlinegap=\skip47
\multlinetaggap=\skip48
\mathdisplay@stack=\toks24
LaTeX Info: Redefining \[ on input line 2844.
LaTeX Info: Redefining \] on input line 2845.
)
("C:\Users\wilmer-PC\AppData\Local\Programs\MiKTeX 2.9\tex/latex/graphics\graph
icx.sty"
Package: graphicx 2017/06/01 v1.1a Enhanced LaTeX Graphics (DPC,SPQR)

("C:\Users\wilmer-PC\AppData\Local\Programs\MiKTeX 2.9\tex/latex/graphics\graph
ics.sty"
Package: graphics 2017/06/25 v1.2c Standard LaTeX Graphics (DPC,SPQR)

("C:\Users\wilmer-PC\AppData\Local\Programs\MiKTeX 2.9\tex/latex/graphics\trig.
sty"
Package: trig 2016/01/03 v1.10 sin cos tan (DPC)
)
("C:\Users\wilmer-PC\AppData\Local\Programs\MiKTeX 2.9\tex/latex/graphics-cfg\g
raphics.cfg"
File: graphics.cfg 2016/06/04 v1.11 sample graphics configuration
)
Package graphics Info: Driver file: pdftex.def on input line 99.

("C:\Users\wilmer-PC\AppData\Local\Programs\MiKTeX 2.9\tex/latex/graphics-def\p
dftex.def"
File: pdftex.def 2018/01/08 v1.0l Graphics/color driver for pdftex
))
\Gin@req@height=\dimen121
\Gin@req@width=\dimen122
)
("C:\Users\wilmer-PC\AppData\Local\Programs\MiKTeX 2.9\tex/latex/caption\captio
n.sty"
Package: caption 2020/01/03 v3.4h Customizing captions (AR)

("C:\Users\wilmer-PC\AppData\Local\Programs\MiKTeX 2.9\tex/latex/caption\captio
n3.sty"
Package: caption3 2020/01/03 v1.8h caption3 kernel (AR)
Package caption3 Info: TeX engine: e-TeX on input line 61.
\captionmargin=\dimen123
\captionmargin@=\dimen124
\captionwidth=\dimen125
\caption@tempdima=\dimen126
\caption@indent=\dimen127
\caption@parindent=\dimen128
\caption@hangindent=\dimen129
Package caption Info: Standard document class detected.
)
\c@caption@flags=\count107
\c@continuedfloat=\count108
)
("C:\Users\wilmer-PC\AppData\Local\Programs\MiKTeX 2.9\tex/latex/tools\multicol
.sty"
Package: multicol 2018/11/09 v1.8u multicolumn formatting (FMi)
\c@tracingmulticols=\count109
\mult@box=\box29
\multicol@leftmargin=\dimen130
\c@unbalance=\count110
\c@collectmore=\count111
\doublecol@number=\count112
\multicoltolerance=\count113
\multicolpretolerance=\count114
\full@width=\dimen131
\page@free=\dimen132
\premulticols=\dimen133
\postmulticols=\dimen134
\multicolsep=\skip49
\multicolbaselineskip=\skip50
\partial@page=\box30
\last@line=\box31
\maxbalancingoverflow=\dimen135
\mult@rightbox=\box32
\mult@grightbox=\box33
\mult@gfirstbox=\box34
\mult@firstbox=\box35
\@tempa=\box36
\@tempa=\box37
\@tempa=\box38
\@tempa=\box39
\@tempa=\box40
\@tempa=\box41
\@tempa=\box42
\@tempa=\box43
\@tempa=\box44
\@tempa=\box45
\@tempa=\box46
\@tempa=\box47
\@tempa=\box48
\@tempa=\box49
\@tempa=\box50
\@tempa=\box51
\@tempa=\box52
\c@columnbadness=\count115
\c@finalcolumnbadness=\count116
\last@try=\dimen136
\multicolovershoot=\dimen137
\multicolundershoot=\dimen138
\mult@nat@firstbox=\box53
\colbreak@box=\box54
\mc@col@check@num=\count117
)
("C:\Users\wilmer-PC\AppData\Local\Programs\MiKTeX 2.9\tex/latex/float\float.st
y"
Package: float 2001/11/08 v1.3d Float enhancements (AL)
\c@float@type=\count118
\float@exts=\toks25
\float@box=\box55
\@float@everytoks=\toks26
\@floatcapt=\box56
)
("C:\Users\wilmer-PC\AppData\Local\Programs\MiKTeX 2.9\tex/latex/listings\listi
ngs.sty"
\lst@mode=\count119
\lst@gtempboxa=\box57
\lst@token=\toks27
\lst@length=\count120
\lst@currlwidth=\dimen139
\lst@column=\count121
\lst@pos=\count122
\lst@lostspace=\dimen140
\lst@width=\dimen141
\lst@newlines=\count123
\lst@lineno=\count124
\lst@maxwidth=\dimen142

("C:\Users\wilmer-PC\AppData\Local\Programs\MiKTeX 2.9\tex/latex/listings\lstmi
sc.sty"
File: lstmisc.sty 2019/02/27 1.8b (Carsten Heinz)
\c@lstnumber=\count125
\lst@skipnumbers=\count126
\lst@framebox=\box58
)
("C:\Users\wilmer-PC\AppData\Local\Programs\MiKTeX 2.9\tex/latex/listings\listi
ngs.cfg"
File: listings.cfg 2019/02/27 1.8b listings configuration
))
Package: listings 2019/02/27 1.8b (Carsten Heinz)

("C:\Users\wilmer-PC\AppData\Local\Programs\MiKTeX 2.9\tex/latex/graphics\color
.sty"
Package: color 2016/07/10 v1.1e Standard LaTeX Color (DPC)

("C:\Users\wilmer-PC\AppData\Local\Programs\MiKTeX 2.9\tex/latex/graphics-cfg\c
olor.cfg"
File: color.cfg 2016/01/02 v1.6 sample color configuration
)
Package color Info: Driver file: pdftex.def on input line 147.

("C:\Users\wilmer-PC\AppData\Local\Programs\MiKTeX 2.9\tex/latex/graphics\dvips
nam.def"
File: dvipsnam.def 2016/06/17 v3.0m Driver-dependent file (DPC,SPQR)
))
("C:\Users\wilmer-PC\AppData\Local\Programs\MiKTeX 2.9\tex/latex/listings\lstla
ng1.sty"
File: lstlang1.sty 2019/02/27 1.8b listings language file
)
("C:\Users\wilmer-PC\AppData\Local\Programs\MiKTeX 2.9\tex/latex/listings\lstla
ng1.sty"
File: lstlang1.sty 2019/02/27 1.8b listings language file
)
("C:\Users\wilmer-PC\AppData\Local\Programs\MiKTeX 2.9\tex/latex/listings\lstmi
sc.sty"
File: lstmisc.sty 2019/02/27 1.8b (Carsten Heinz)
)
("C:\Users\wilmer-PC\AppData\Local\Programs\MiKTeX 2.9\tex/latex/base\fontenc.s
ty"
Package: fontenc 2018/08/11 v2.0j Standard LaTeX package

("C:\Users\wilmer-PC\AppData\Local\Programs\MiKTeX 2.9\tex/latex/base\t1enc.def
"
File: t1enc.def 2018/08/11 v2.0j Standard LaTeX file
LaTeX Font Info:    Redeclaring font encoding T1 on input line 48.
))
("C:\Users\wilmer-PC\AppData\Local\Programs\MiKTeX 2.9\tex/latex/lm\lmodern.sty
"
Package: lmodern 2009/10/30 v1.6 Latin Modern Fonts
LaTeX Font Info:    Overwriting symbol font `operators' in version `normal'
(Font)                  OT1/cmr/m/n --> OT1/lmr/m/n on input line 22.
LaTeX Font Info:    Overwriting symbol font `letters' in version `normal'
(Font)                  OML/cmm/m/it --> OML/lmm/m/it on input line 23.
LaTeX Font Info:    Overwriting symbol font `symbols' in version `normal'
(Font)                  OMS/cmsy/m/n --> OMS/lmsy/m/n on input line 24.
LaTeX Font Info:    Overwriting symbol font `largesymbols' in version `normal'
(Font)                  OMX/cmex/m/n --> OMX/lmex/m/n on input line 25.
LaTeX Font Info:    Overwriting symbol font `operators' in version `bold'
(Font)                  OT1/cmr/bx/n --> OT1/lmr/bx/n on input line 26.
LaTeX Font Info:    Overwriting symbol font `letters' in version `bold'
(Font)                  OML/cmm/b/it --> OML/lmm/b/it on input line 27.
LaTeX Font Info:    Overwriting symbol font `symbols' in version `bold'
(Font)                  OMS/cmsy/b/n --> OMS/lmsy/b/n on input line 28.
LaTeX Font Info:    Overwriting symbol font `largesymbols' in version `bold'
(Font)                  OMX/cmex/m/n --> OMX/lmex/m/n on input line 29.
LaTeX Font Info:    Overwriting math alphabet `\mathbf' in version `normal'
(Font)                  OT1/cmr/bx/n --> OT1/lmr/bx/n on input line 31.
LaTeX Font Info:    Overwriting math alphabet `\mathsf' in version `normal'
(Font)                  OT1/cmss/m/n --> OT1/lmss/m/n on input line 32.
LaTeX Font Info:    Overwriting math alphabet `\mathit' in version `normal'
(Font)                  OT1/cmr/m/it --> OT1/lmr/m/it on input line 33.
LaTeX Font Info:    Overwriting math alphabet `\mathtt' in version `normal'
(Font)                  OT1/cmtt/m/n --> OT1/lmtt/m/n on input line 34.
LaTeX Font Info:    Overwriting math alphabet `\mathbf' in version `bold'
(Font)                  OT1/cmr/bx/n --> OT1/lmr/bx/n on input line 35.
LaTeX Font Info:    Overwriting math alphabet `\mathsf' in version `bold'
(Font)                  OT1/cmss/bx/n --> OT1/lmss/bx/n on input line 36.
LaTeX Font Info:    Overwriting math alphabet `\mathit' in version `bold'
(Font)                  OT1/cmr/bx/it --> OT1/lmr/bx/it on input line 37.
LaTeX Font Info:    Overwriting math alphabet `\mathtt' in version `bold'
(Font)                  OT1/cmtt/m/n --> OT1/lmtt/m/n on input line 38.
)
\pin@file=\read1
\c@pinlineno=\count127
 ("Algoritmos para programacion competitiva.aux"
LaTeX Info: Redefining \. on input line 6.
LaTeX Info: Redefining \% on input line 6.
)
\openout1 = `"Algoritmos para programacion competitiva.aux"'.

LaTeX Font Info:    Checking defaults for OML/cmm/m/it on input line 116.
LaTeX Font Info:    ... okay on input line 116.
LaTeX Font Info:    Checking defaults for T1/cmr/m/n on input line 116.
LaTeX Font Info:    ... okay on input line 116.
LaTeX Font Info:    Checking defaults for OT1/cmr/m/n on input line 116.
LaTeX Font Info:    ... okay on input line 116.
LaTeX Font Info:    Checking defaults for OMS/cmsy/m/n on input line 116.
LaTeX Font Info:    ... okay on input line 116.
LaTeX Font Info:    Checking defaults for OMX/cmex/m/n on input line 116.
LaTeX Font Info:    ... okay on input line 116.
LaTeX Font Info:    Checking defaults for U/cmr/m/n on input line 116.
LaTeX Font Info:    ... okay on input line 116.
LaTeX Font Info:    Try loading font information for T1+lmr on input line 116.

("C:\Users\wilmer-PC\AppData\Local\Programs\MiKTeX 2.9\tex/latex/lm\t1lmr.fd"
File: t1lmr.fd 2009/10/30 v1.6 Font defs for Latin Modern
)
LaTeX Info: Redefining \. on input line 116.
LaTeX Info: Redefining \% on input line 116.

*geometry* driver: auto-detecting
*geometry* detected driver: pdftex
*geometry* verbose mode - [ preamble ] result:
* driver: pdftex
* paper: a4paper
* layout: <same size as paper>
* layoutoffset:(h,v)=(0.0pt,0.0pt)
* modes: 
* h-part:(L,W,R)=(56.9055pt, 483.69687pt, 56.9055pt)
* v-part:(T,H,B)=(56.9055pt, 731.23584pt, 56.9055pt)
* \paperwidth=597.50787pt
* \paperheight=845.04684pt
* \textwidth=483.69687pt
* \textheight=731.23584pt
* \oddsidemargin=-15.36449pt
* \evensidemargin=-15.36449pt
* \topmargin=-47.23828pt
* \headheight=12.0pt
* \headsep=19.8738pt
* \topskip=12.0pt
* \footskip=30.0pt
* \marginparwidth=38.0pt
* \marginparsep=7.0pt
* \columnsep=10.0pt
* \skip\footins=10.8pt plus 4.0pt minus 2.0pt
* \hoffset=0.0pt
* \voffset=0.0pt
* \mag=1000
* \@twocolumnfalse
* \@twosidefalse
* \@mparswitchfalse
* \@reversemarginfalse
* (1in=72.27pt=25.4mm, 1cm=28.453pt)


("C:\Users\wilmer-PC\AppData\Local\Programs\MiKTeX 2.9\tex/context/base\supp-pd
f.mkii"
[Loading MPS to PDF converter (version 2006.09.02).]
\scratchcounter=\count128
\scratchdimen=\dimen143
\scratchbox=\box59
\nofMPsegments=\count129
\nofMParguments=\count130
\everyMPshowfont=\toks28
\MPscratchCnt=\count131
\MPscratchDim=\dimen144
\MPnumerator=\count132
\makeMPintoPDFobject=\count133
\everyMPtoPDFconversion=\toks29
)
("C:\Users\wilmer-PC\AppData\Local\Programs\MiKTeX 2.9\tex/latex/oberdiek\epsto
pdf-base.sty"
Package: epstopdf-base 2016/05/15 v2.6 Base part for package epstopdf

("C:\Users\wilmer-PC\AppData\Local\Programs\MiKTeX 2.9\tex/generic/oberdiek\inf
warerr.sty"
Package: infwarerr 2016/05/16 v1.4 Providing info/warning/error messages (HO)
)
("C:\Users\wilmer-PC\AppData\Local\Programs\MiKTeX 2.9\tex/latex/oberdiek\grfex
t.sty"
Package: grfext 2016/05/16 v1.2 Manage graphics extensions (HO)

("C:\Users\wilmer-PC\AppData\Local\Programs\MiKTeX 2.9\tex/generic/oberdiek\kvd
efinekeys.sty"
Package: kvdefinekeys 2016/05/16 v1.4 Define keys (HO)

("C:\Users\wilmer-PC\AppData\Local\Programs\MiKTeX 2.9\tex/generic/oberdiek\ltx
cmds.sty"
Package: ltxcmds 2016/05/16 v1.23 LaTeX kernel commands for general use (HO)
)))
("C:\Users\wilmer-PC\AppData\Local\Programs\MiKTeX 2.9\tex/latex/oberdiek\kvopt
ions.sty"
Package: kvoptions 2016/05/16 v3.12 Key value format for package options (HO)

("C:\Users\wilmer-PC\AppData\Local\Programs\MiKTeX 2.9\tex/generic/oberdiek\kvs
etkeys.sty"
Package: kvsetkeys 2016/05/16 v1.17 Key value parser (HO)

("C:\Users\wilmer-PC\AppData\Local\Programs\MiKTeX 2.9\tex/generic/oberdiek\ete
xcmds.sty"
Package: etexcmds 2016/05/16 v1.6 Avoid name clashes with e-TeX commands (HO)

("C:\Users\wilmer-PC\AppData\Local\Programs\MiKTeX 2.9\tex/generic/oberdiek\ifl
uatex.sty"
Package: ifluatex 2016/05/16 v1.4 Provides the ifluatex switch (HO)
Package ifluatex Info: LuaTeX not detected.
))))
("C:\Users\wilmer-PC\AppData\Local\Programs\MiKTeX 2.9\tex/generic/oberdiek\pdf
texcmds.sty"
Package: pdftexcmds 2018/09/10 v0.29 Utility functions of pdfTeX for LuaTeX (HO
)
Package pdftexcmds Info: LuaTeX not detected.
Package pdftexcmds Info: \pdf@primitive is available.
Package pdftexcmds Info: \pdf@ifprimitive is available.
Package pdftexcmds Info: \pdfdraftmode found.
)
Package epstopdf-base Info: Redefining graphics rule for `.eps' on input line 4
38.
Package grfext Info: Graphics extension search list:
(grfext)             [.pdf,.png,.jpg,.mps,.jpeg,.jbig2,.jb2,.PDF,.PNG,.JPG,.JPE
G,.JBIG2,.JB2,.eps]
(grfext)             \AppendGraphicsExtensions on input line 456.
)
Package caption Info: Begin \AtBeginDocument code.
Package caption Info: float package is loaded.
Package caption Info: listings package is loaded.
Package caption Info: End \AtBeginDocument code.
\c@lstlisting=\count134
LaTeX Font Info:    Try loading font information for OT1+lmr on input line 117.


("C:\Users\wilmer-PC\AppData\Local\Programs\MiKTeX 2.9\tex/latex/lm\ot1lmr.fd"
File: ot1lmr.fd 2009/10/30 v1.6 Font defs for Latin Modern
)
LaTeX Font Info:    Try loading font information for OML+lmm on input line 117.

("C:\Users\wilmer-PC\AppData\Local\Programs\MiKTeX 2.9\tex/latex/lm\omllmm.fd"
File: omllmm.fd 2009/10/30 v1.6 Font defs for Latin Modern
)
LaTeX Font Info:    Try loading font information for OMS+lmsy on input line 117
.
("C:\Users\wilmer-PC\AppData\Local\Programs\MiKTeX 2.9\tex/latex/lm\omslmsy.fd"
File: omslmsy.fd 2009/10/30 v1.6 Font defs for Latin Modern
)
LaTeX Font Info:    Try loading font information for OMX+lmex on input line 117
.
 ("C:\Users\wilmer-PC\AppData\Local\Programs\MiKTeX 2.9\tex/latex/lm\omxlmex.fd
"
File: omxlmex.fd 2009/10/30 v1.6 Font defs for Latin Modern
)
LaTeX Font Info:    External font `lmex10' loaded for size
(Font)              <14.4> on input line 117.
LaTeX Font Info:    External font `lmex10' loaded for size
(Font)              <10> on input line 117.
LaTeX Font Info:    External font `lmex10' loaded for size
(Font)              <7> on input line 117.
 [1


{C:/Users/wilmer-PC/AppData/Local/MiKTeX/2.9/pdftex/config/pdftex.map}]
("Algoritmos para programacion competitiva.toc"
LaTeX Info: Redefining \. on input line 1.
LaTeX Info: Redefining \% on input line 1.
LaTeX Font Info:    External font `lmex10' loaded for size
(Font)              <12> on input line 4.
LaTeX Font Info:    External font `lmex10' loaded for size
(Font)              <8> on input line 4.
LaTeX Font Info:    External font `lmex10' loaded for size
(Font)              <6> on input line 4.
)
\tf@toc=\write3
\openout3 = `"Algoritmos para programacion competitiva.toc"'.

 [1

]
Underfull \hbox (badness 10000) in paragraph at lines 2--5

 []


Underfull \hbox (badness 10000) in paragraph at lines 6--9

 []


Underfull \hbox (badness 10000) in paragraph at lines 10--12

 []

[2

]
Cap\'{\i }tulo 1.

Underfull \hbox (badness 10000) in paragraph at lines 3--8

 []


Underfull \hbox (badness 10000) in paragraph at lines 15--17

 []


Underfull \hbox (badness 10000) in paragraph at lines 18--22

 []


Underfull \hbox (badness 10000) in paragraph at lines 33--41

 []

[3

]
LaTeX Font Info:    Try loading font information for T1+lmtt on input line 47.

("C:\Users\wilmer-PC\AppData\Local\Programs\MiKTeX 2.9\tex/latex/lm\t1lmtt.fd"
File: t1lmtt.fd 2009/10/30 v1.6 Font defs for Latin Modern
) (Estructuras_de_datos/codigos/tablas_aditivas.cpp)
Underfull \hbox (badness 10000) in paragraph at lines 55--59

 []


Underfull \hbox (badness 10000) in paragraph at lines 73--74

 []


Underfull \hbox (badness 10000) in paragraph at lines 75--87

 []

LaTeX Info: Redefining \. on input line 87.
LaTeX Info: Redefining \% on input line 87.
[4]
<Estructuras_de_datos/imagenes/tablas_aditivas/img1.png, id=30, 240.9pt x 240.9
pt>
File: Estructuras_de_datos/imagenes/tablas_aditivas/img1.png Graphic file (type
 png)
<use Estructuras_de_datos/imagenes/tablas_aditivas/img1.png>
Package pdftex.def Info: Estructuras_de_datos/imagenes/tablas_aditivas/img1.png
  used on input line 102.
(pdftex.def)             Requested size: 96.35828pt x 96.35828pt.
<Estructuras_de_datos/imagenes/tablas_aditivas/img2.png, id=31, 240.9pt x 240.9
pt>
File: Estructuras_de_datos/imagenes/tablas_aditivas/img2.png Graphic file (type
 png)
<use Estructuras_de_datos/imagenes/tablas_aditivas/img2.png>
Package pdftex.def Info: Estructuras_de_datos/imagenes/tablas_aditivas/img2.png
  used on input line 109.
(pdftex.def)             Requested size: 96.35828pt x 96.35828pt.
<Estructuras_de_datos/imagenes/tablas_aditivas/img3.png, id=32, 240.9pt x 240.9
pt>
File: Estructuras_de_datos/imagenes/tablas_aditivas/img3.png Graphic file (type
 png)
<use Estructuras_de_datos/imagenes/tablas_aditivas/img3.png>
Package pdftex.def Info: Estructuras_de_datos/imagenes/tablas_aditivas/img3.png
  used on input line 116.
(pdftex.def)             Requested size: 96.35828pt x 96.35828pt.
<Estructuras_de_datos/imagenes/tablas_aditivas/img4.png, id=33, 240.9pt x 240.9
pt>
File: Estructuras_de_datos/imagenes/tablas_aditivas/img4.png Graphic file (type
 png)
<use Estructuras_de_datos/imagenes/tablas_aditivas/img4.png>
Package pdftex.def Info: Estructuras_de_datos/imagenes/tablas_aditivas/img4.png
  used on input line 123.
(pdftex.def)             Requested size: 96.35828pt x 96.35828pt.
 (Estructuras_de_datos/codigos/tablas_aditivas.cpp)
LaTeX Info: Redefining \. on input line 147.
LaTeX Info: Redefining \% on input line 147.
 [5 <./Estructuras_de_datos/imagenes/tablas_aditivas/img1.png> <./Estructuras_d
e_datos/imagenes/tablas_aditivas/img2.png> <./Estructuras_de_datos/imagenes/tab
las_aditivas/img3.png> <./Estructuras_de_datos/imagenes/tablas_aditivas/img4.pn
g>]
Underfull \hbox (badness 10000) in paragraph at lines 158--162

 []

<Estructuras_de_datos/imagenes/disjoint_set/construccion.png, id=38, 355.3275pt
 x 195.73125pt>
File: Estructuras_de_datos/imagenes/disjoint_set/construccion.png Graphic file 
(type png)
<use Estructuras_de_datos/imagenes/disjoint_set/construccion.png>
Package pdftex.def Info: Estructuras_de_datos/imagenes/disjoint_set/construccio
n.png  used on input line 170.
(pdftex.def)             Requested size: 248.72754pt x 137.01093pt.
(Estructuras_de_datos/codigos/disjoint_set_union_find.cpp
LaTeX Info: Redefining \. on input line 8.
LaTeX Info: Redefining \% on input line 8.
 [6 <./Estructuras_de_datos/imagenes/disjoint_set/construccion.png>])
<Estructuras_de_datos/imagenes/disjoint_set/union_rango.png, id=43, 810.77907pt
 x 190.46156pt>
File: Estructuras_de_datos/imagenes/disjoint_set/union_rango.png Graphic file (
type png)
<use Estructuras_de_datos/imagenes/disjoint_set/union_rango.png>
Package pdftex.def Info: Estructuras_de_datos/imagenes/disjoint_set/union_rango
.png  used on input line 200.
(pdftex.def)             Requested size: 486.4712pt x 114.2778pt.

Overfull \hbox (2.77434pt too wide) in paragraph at lines 200--201
 [][] 
 []

(Estructuras_de_datos/codigos/disjoint_set_union_find.cpp
LaTeX Info: Redefining \. on input line 36.
LaTeX Info: Redefining \% on input line 36.
 [7 <./Estructuras_de_datos/imagenes/disjoint_set/union_rango.png>])
<Estructuras_de_datos/imagenes/disjoint_set/compresion.png, id=49, 361.35pt x 1
53.57375pt>
File: Estructuras_de_datos/imagenes/disjoint_set/compresion.png Graphic file (t
ype png)
<use Estructuras_de_datos/imagenes/disjoint_set/compresion.png>
Package pdftex.def Info: Estructuras_de_datos/imagenes/disjoint_set/compresion.
png  used on input line 219.
(pdftex.def)             Requested size: 216.81168pt x 92.14494pt.

(Estructuras_de_datos/codigos/union_find_compresion.cpp)
Underfull \hbox (badness 10000) in paragraph at lines 237--242

 []

LaTeX Info: Redefining \. on input line 243.
LaTeX Info: Redefining \% on input line 243.
[8 <./Estructuras_de_datos/imagenes/disjoint_set/compresion.png>]
Underfull \hbox (badness 10000) in paragraph at lines 243--250

 []

<Estructuras_de_datos/imagenes/sparse_table/construccion.png, id=54, 346.29375p
t x 263.48438pt>
File: Estructuras_de_datos/imagenes/sparse_table/construccion.png Graphic file 
(type png)
<use Estructuras_de_datos/imagenes/sparse_table/construccion.png>
Package pdftex.def Info: Estructuras_de_datos/imagenes/sparse_table/construccio
n.png  used on input line 260.
(pdftex.def)             Requested size: 225.08826pt x 171.2628pt.
(Estructuras_de_datos/codigos/sparse_table.cpp)
<Estructuras_de_datos/imagenes/sparse_table/consulta.png, id=55, 308.65312pt x 
203.25937pt>
File: Estructuras_de_datos/imagenes/sparse_table/consulta.png Graphic file (typ
e png)
<use Estructuras_de_datos/imagenes/sparse_table/consulta.png>
Package pdftex.def Info: Estructuras_de_datos/imagenes/sparse_table/consulta.pn
g  used on input line 283.
(pdftex.def)             Requested size: 200.62215pt x 132.11702pt.

(Estructuras_de_datos/codigos/sparse_table.cpp)
LaTeX Info: Redefining \. on input line 301.
LaTeX Info: Redefining \% on input line 301.
 [9 <./Estructuras_de_datos/imagenes/sparse_table/construccion.png>]
(Estructuras_de_datos/codigos/sparse_table.cpp)
LaTeX Info: Redefining \. on input line 129.
LaTeX Info: Redefining \% on input line 129.
 [10 <./Estructuras_de_datos/imagenes/sparse_table/consulta.png>]
Cap\'{\i }tulo 2.
[11

]
<Grafos/imagenes/grafo_ejemplo.png, id=70, 188.20313pt x 188.20313pt>
File: Grafos/imagenes/grafo_ejemplo.png Graphic file (type png)
<use Grafos/imagenes/grafo_ejemplo.png>
Package pdftex.def Info: Grafos/imagenes/grafo_ejemplo.png  used on input line 
55.
(pdftex.def)             Requested size: 188.20265pt x 188.20265pt.
 (Grafos/codigos/Grafos.cpp)
Overfull \hbox (24.18631pt too wide) in paragraph at lines 53--63
[]$[]$$[]$ 
 []

(Grafos/codigos/Grafos.cpp) (Grafos/codigos/Grafos.cpp)
Overfull \hbox (24.18631pt too wide) in paragraph at lines 66--76
[]$[]$$[]$ 
 []

LaTeX Info: Redefining \. on input line 84.
LaTeX Info: Redefining \% on input line 84.
[12 <./Grafos/imagenes/grafo_ejemplo.png>]
Underfull \hbox (badness 10000) in paragraph at lines 87--92

 []

<Grafos/imagenes/DFS1.png, id=75, 188.20313pt x 188.20313pt>
File: Grafos/imagenes/DFS1.png Graphic file (type png)
<use Grafos/imagenes/DFS1.png>
Package pdftex.def Info: Grafos/imagenes/DFS1.png  used on input line 102.
(pdftex.def)             Requested size: 188.20265pt x 188.20265pt.
<Grafos/imagenes/DFS2.png, id=76, 188.20313pt x 188.20313pt>
File: Grafos/imagenes/DFS2.png Graphic file (type png)
<use Grafos/imagenes/DFS2.png>
Package pdftex.def Info: Grafos/imagenes/DFS2.png  used on input line 107.
(pdftex.def)             Requested size: 188.20265pt x 188.20265pt.
(Grafos/codigos/DFS.cpp)
LaTeX Info: Redefining \. on input line 114.
LaTeX Info: Redefining \% on input line 114.
 [13 <./Grafos/imagenes/DFS1.png> <./Grafos/imagenes/DFS2.png>]
Underfull \hbox (badness 10000) in paragraph at lines 118--122

 []

<Grafos/imagenes/BFS1.png, id=82, 188.20313pt x 188.20313pt>
File: Grafos/imagenes/BFS1.png Graphic file (type png)
<use Grafos/imagenes/BFS1.png>
Package pdftex.def Info: Grafos/imagenes/BFS1.png  used on input line 132.
(pdftex.def)             Requested size: 188.20265pt x 188.20265pt.
<Grafos/imagenes/BFS2.png, id=83, 188.20313pt x 188.20313pt>
File: Grafos/imagenes/BFS2.png Graphic file (type png)
<use Grafos/imagenes/BFS2.png>
Package pdftex.def Info: Grafos/imagenes/BFS2.png  used on input line 137.
(pdftex.def)             Requested size: 188.20265pt x 188.20265pt.
(Grafos/codigos/BFS.cpp)
LaTeX Info: Redefining \. on input line 144.
LaTeX Info: Redefining \% on input line 144.
 [14 <./Grafos/imagenes/BFS1.png> <./Grafos/imagenes/BFS2.png>]
<Grafos/imagenes/BipartitoSi.png, id=89, 188.20313pt x 188.20313pt>
File: Grafos/imagenes/BipartitoSi.png Graphic file (type png)
<use Grafos/imagenes/BipartitoSi.png>
Package pdftex.def Info: Grafos/imagenes/BipartitoSi.png  used on input line 16
5.
(pdftex.def)             Requested size: 188.20265pt x 188.20265pt.
<Grafos/imagenes/BipartitoNo.png, id=90, 188.20313pt x 188.20313pt>
File: Grafos/imagenes/BipartitoNo.png Graphic file (type png)
<use Grafos/imagenes/BipartitoNo.png>
Package pdftex.def Info: Grafos/imagenes/BipartitoNo.png  used on input line 17
0.
(pdftex.def)             Requested size: 188.20265pt x 188.20265pt.
 (Grafos/codigos/BipartiteCheck.cpp
LaTeX Info: Redefining \. on input line 21.
LaTeX Info: Redefining \% on input line 21.
 [15 <./Grafos/imagenes/BipartitoSi.png> <./Grafos/imagenes/BipartitoNo.png>])
LaTeX Info: Redefining \. on input line 133.
LaTeX Info: Redefining \% on input line 133.
 [16]
Cap\'{\i }tulo 3.

Underfull \hbox (badness 10000) in paragraph at lines 30--34

 []


Underfull \hbox (badness 10000) in paragraph at lines 42--43

 []

[17

] (Programacion_dinamica/codigos/fibo.cpp)
Underfull \hbox (badness 10000) in paragraph at lines 54--56

 []

(Programacion_dinamica/codigos/fibo.cpp)
Underfull \hbox (badness 10000) in paragraph at lines 66--67

 []

<Programacion_dinamica/imagenes/arbol_recursion.png, id=102, 371.13657pt x 252.
19218pt>
File: Programacion_dinamica/imagenes/arbol_recursion.png Graphic file (type png
)
<use Programacion_dinamica/imagenes/arbol_recursion.png>
Package pdftex.def Info: Programacion_dinamica/imagenes/arbol_recursion.png  us
ed on input line 68.
(pdftex.def)             Requested size: 341.4441pt x 232.01576pt.
LaTeX Info: Redefining \. on input line 69.
LaTeX Info: Redefining \% on input line 69.
[18] (Programacion_dinamica/codigos/fibo.cpp)
Underfull \hbox (badness 10000) in paragraph at lines 86--89

 []


Underfull \hbox (badness 10000) in paragraph at lines 98--99

 []

LaTeX Info: Redefining \. on input line 102.
LaTeX Info: Redefining \% on input line 102.
[19 <./Programacion_dinamica/imagenes/arbol_recursion.png>]
Underfull \hbox (badness 10000) in paragraph at lines 111--117

 []


Underfull \hbox (badness 10000) in paragraph at lines 118--129

 []


Underfull \hbox (badness 10000) in paragraph at lines 147--153

 []

<Programacion_dinamica/imagenes/matriz1.png, id=110, 282.30469pt x 282.30469pt>

File: Programacion_dinamica/imagenes/matriz1.png Graphic file (type png)
<use Programacion_dinamica/imagenes/matriz1.png>
Package pdftex.def Info: Programacion_dinamica/imagenes/matriz1.png  used on in
put line 157.
(pdftex.def)             Requested size: 112.91986pt x 112.91986pt.
<Programacion_dinamica/imagenes/matriz2.png, id=111, 282.30469pt x 282.30469pt>

File: Programacion_dinamica/imagenes/matriz2.png Graphic file (type png)
<use Programacion_dinamica/imagenes/matriz2.png>
Package pdftex.def Info: Programacion_dinamica/imagenes/matriz2.png  used on in
put line 162.
(pdftex.def)             Requested size: 112.91986pt x 112.91986pt.
<Programacion_dinamica/imagenes/matriz3.png, id=112, 282.30469pt x 282.30469pt>

File: Programacion_dinamica/imagenes/matriz3.png Graphic file (type png)
<use Programacion_dinamica/imagenes/matriz3.png>
Package pdftex.def Info: Programacion_dinamica/imagenes/matriz3.png  used on in
put line 167.
(pdftex.def)             Requested size: 112.91986pt x 112.91986pt.
LaTeX Info: Redefining \. on input line 170.
LaTeX Info: Redefining \% on input line 170.
[20] (Programacion_dinamica/codigos/matriz.cpp)
(Programacion_dinamica/codigos/matriz.cpp)
Underfull \hbox (badness 10000) in paragraph at lines 184--186

 []


Underfull \hbox (badness 10000) in paragraph at lines 189--193

 []

LaTeX Info: Redefining \. on input line 193.
LaTeX Info: Redefining \% on input line 193.
[21 <./Programacion_dinamica/imagenes/matriz1.png> <./Programacion_dinamica/ima
genes/matriz2.png> <./Programacion_dinamica/imagenes/matriz3.png>]
Underfull \hbox (badness 10000) in paragraph at lines 194--201

 []

(Programacion_dinamica/codigos/SubSetSum.cpp)
Underfull \hbox (badness 10000) in paragraph at lines 223--232

 []

LaTeX Info: Redefining \. on input line 232.
LaTeX Info: Redefining \% on input line 232.
[22]
Underfull \hbox (badness 10000) in paragraph at lines 233--237

 []

(Programacion_dinamica/codigos/SubSetSum.cpp)
Underfull \hbox (badness 10000) in paragraph at lines 259--262

 []


Underfull \hbox (badness 10000) in paragraph at lines 263--267

 []

LaTeX Info: Redefining \. on input line 268.
LaTeX Info: Redefining \% on input line 268.
[23] (Programacion_dinamica/codigos/ProblemaMochila.cpp)
LaTeX Info: Redefining \. on input line 136.
LaTeX Info: Redefining \% on input line 136.
 [24]
("Algoritmos para programacion competitiva.aux"
LaTeX Info: Redefining \. on input line 6.
LaTeX Info: Redefining \% on input line 6.
) ) 
Here is how much of TeX's memory you used:
 7601 strings out of 492946
 116334 string characters out of 3124490
 467458 words of memory out of 3000000
 11267 multiletter control sequences out of 15000+200000
 67749 words of font info for 51 fonts, out of 3000000 for 9000
 1141 hyphenation exceptions out of 8191
 41i,13n,58p,311b,1979s stack positions out of 5000i,500n,10000p,200000b,50000s
{C:/Users/wilmer-PC/AppData/Local/Programs/MiKTeX 2.9/fonts/enc/dvips/lm/lm-
rm.enc}{C:/Users/wilmer-PC/AppData/Local/Programs/MiKTeX 2.9/fonts/enc/dvips/lm
/lm-mathsy.enc}{C:/Users/wilmer-PC/AppData/Local/Programs/MiKTeX 2.9/fonts/enc/
dvips/lm/lm-mathit.enc}{C:/Users/wilmer-PC/AppData/Local/Programs/MiKTeX 2.9/fo
nts/enc/dvips/lm/lm-ec.enc}{C:/Users/wilmer-PC/AppData/Local/Programs/MiKTeX 2.
9/fonts/enc/dvips/lm/lm-mathex.enc}<C:/Users/wilmer-PC/AppData/Local/Programs/M
iKTeX 2.9/fonts/type1/public/lm/lmbx12.pfb><C:/Users/wilmer-PC/AppData/Local/Pr
ograms/MiKTeX 2.9/fonts/type1/public/lm/lmex10.pfb><C:/Users/wilmer-PC/AppData/
Local/Programs/MiKTeX 2.9/fonts/type1/public/lm/lmmi12.pfb><C:/Users/wilmer-PC/
AppData/Local/Programs/MiKTeX 2.9/fonts/type1/public/lm/lmmi6.pfb><C:/Users/wil
mer-PC/AppData/Local/Programs/MiKTeX 2.9/fonts/type1/public/lm/lmmi8.pfb><C:/Us
ers/wilmer-PC/AppData/Local/Programs/MiKTeX 2.9/fonts/type1/public/lm/lmr12.pfb
><C:/Users/wilmer-PC/AppData/Local/Programs/MiKTeX 2.9/fonts/type1/public/lm/lm
r17.pfb><C:/Users/wilmer-PC/AppData/Local/Programs/MiKTeX 2.9/fonts/type1/publi
c/lm/lmr6.pfb><C:/Users/wilmer-PC/AppData/Local/Programs/MiKTeX 2.9/fonts/type1
/public/lm/lmr8.pfb><C:/Users/wilmer-PC/AppData/Local/Programs/MiKTeX 2.9/fonts
/type1/public/lm/lmri12.pfb><C:/Users/wilmer-PC/AppData/Local/Programs/MiKTeX 2
.9/fonts/type1/public/lm/lmro12.pfb><C:/Users/wilmer-PC/AppData/Local/Programs/
MiKTeX 2.9/fonts/type1/public/lm/lmsy10.pfb><C:/Users/wilmer-PC/AppData/Local/P
rograms/MiKTeX 2.9/fonts/type1/public/lm/lmsy6.pfb><C:/Users/wilmer-PC/AppData/
Local/Programs/MiKTeX 2.9/fonts/type1/public/lm/lmsy8.pfb><C:/Users/wilmer-PC/A
ppData/Local/Programs/MiKTeX 2.9/fonts/type1/public/lm/lmtt12.pfb>
Output written on "Algoritmos para programacion competitiva.pdf" (25 pages, 489
412 bytes).
PDF statistics:
 185 PDF objects out of 1000 (max. 8388607)
 0 named destinations out of 1000 (max. 500000)
 101 words of extra memory for PDF output out of 10000 (max. 10000000)

