This is pdfTeX, Version 3.141592653-2.6-1.40.24 (MiKTeX 22.3) (preloaded format=pdflatex 2022.5.19)  21 MAY 2022 11:07
entering extended mode
 restricted \write18 enabled.
 %&-line parsing enabled.
**./grafos.tex
(grafos.tex
LaTeX2e <2021-11-15> patch level 1
L3 programming layer <2022-02-24>
(C:\Users\wilmer.castrillon\AppData\Local\Programs\MiKTeX\tex/latex/base\articl
e.cls
Document Class: article 2021/10/04 v1.4n Standard LaTeX document class

(C:\Users\wilmer.castrillon\AppData\Local\Programs\MiKTeX\tex/latex/base\size12
.clo
File: size12.clo 2021/10/04 v1.4n Standard LaTeX file (size option)
)
\c@part=\count185
\c@section=\count186
\c@subsection=\count187
\c@subsubsection=\count188
\c@paragraph=\count189
\c@subparagraph=\count190
\c@figure=\count191
\c@table=\count192
\abovecaptionskip=\skip47
\belowcaptionskip=\skip48
\bibindent=\dimen138
)
(C:\Users\wilmer.castrillon\AppData\Local\Programs\MiKTeX\tex/latex/base\inpute
nc.sty
Package: inputenc 2021/02/14 v1.3d Input encoding file
\inpenc@prehook=\toks16
\inpenc@posthook=\toks17
)
(C:\Users\wilmer.castrillon\AppData\Local\Programs\MiKTeX\tex/generic/babel\bab
el.sty
Package: babel 2022/02/26 3.73 The Babel package
\babel@savecnt=\count193
\U@D=\dimen139
\l@unhyphenated=\language79

(C:\Users\wilmer.castrillon\AppData\Local\Programs\MiKTeX\tex/generic/babel\txt
babel.def)
\bbl@readstream=\read2
\bbl@dirlevel=\count194

*************************************
* Local config file bblopts.cfg used
*

(C:\Users\wilmer.castrillon\AppData\Local\Programs\MiKTeX\tex/latex/arabi\bblop
ts.cfg
File: bblopts.cfg 2005/09/08 v0.1 add Arabic and Farsi to "declared" options of
 babel
)
(C:\Users\wilmer.castrillon\AppData\Local\Programs\MiKTeX\tex/latex/babel-spani
sh\spanish.ldf
Language: spanish.ldf 2021/05/27 v5.0q Spanish support from the babel system
\es@quottoks=\toks18
\es@quotdepth=\count195
Package babel Info: Making " an active character on input line 570.
Package babel Info: Making . an active character on input line 675.
Package babel Info: Making < an active character on input line 722.
Package babel Info: Making > an active character on input line 722.
))
(C:\Users\wilmer.castrillon\AppData\Local\Programs\MiKTeX\tex/latex/titling\tit
ling.sty
Package: titling 2009/09/04 v2.1d maketitle typesetting
\thanksmarkwidth=\skip49
\thanksmargin=\skip50
\droptitle=\skip51
)
(C:\Users\wilmer.castrillon\AppData\Local\Programs\MiKTeX\tex/latex/geometry\ge
ometry.sty
Package: geometry 2020/01/02 v5.9 Page Geometry

(C:\Users\wilmer.castrillon\AppData\Local\Programs\MiKTeX\tex/latex/graphics\ke
yval.sty
Package: keyval 2014/10/28 v1.15 key=value parser (DPC)
\KV@toks@=\toks19
)
(C:\Users\wilmer.castrillon\AppData\Local\Programs\MiKTeX\tex/generic/iftex\ifv
tex.sty
Package: ifvtex 2019/10/25 v1.7 ifvtex legacy package. Use iftex instead.

(C:\Users\wilmer.castrillon\AppData\Local\Programs\MiKTeX\tex/generic/iftex\ift
ex.sty
Package: iftex 2022/02/03 v1.0f TeX engine tests
))
\Gm@cnth=\count196
\Gm@cntv=\count197
\c@Gm@tempcnt=\count198
\Gm@bindingoffset=\dimen140
\Gm@wd@mp=\dimen141
\Gm@odd@mp=\dimen142
\Gm@even@mp=\dimen143
\Gm@layoutwidth=\dimen144
\Gm@layoutheight=\dimen145
\Gm@layouthoffset=\dimen146
\Gm@layoutvoffset=\dimen147
\Gm@dimlist=\toks20

(C:\Users\wilmer.castrillon\AppData\Local\Programs\MiKTeX\tex/latex/geometry\ge
ometry.cfg))
(C:\Users\wilmer.castrillon\AppData\Local\Programs\MiKTeX\tex/latex/tools\enume
rate.sty
Package: enumerate 2015/07/23 v3.00 enumerate extensions (DPC)
\@enLab=\toks21
)
(C:\Users\wilmer.castrillon\AppData\Local\Programs\MiKTeX\tex/latex/amsmath\ams
math.sty
Package: amsmath 2021/10/15 v2.17l AMS math features
\@mathmargin=\skip52

For additional information on amsmath, use the `?' option.

(C:\Users\wilmer.castrillon\AppData\Local\Programs\MiKTeX\tex/latex/amsmath\ams
text.sty
Package: amstext 2021/08/26 v2.01 AMS text

(C:\Users\wilmer.castrillon\AppData\Local\Programs\MiKTeX\tex/latex/amsmath\ams
gen.sty
File: amsgen.sty 1999/11/30 v2.0 generic functions
\@emptytoks=\toks22
\ex@=\dimen148
))
(C:\Users\wilmer.castrillon\AppData\Local\Programs\MiKTeX\tex/latex/amsmath\ams
bsy.sty
Package: amsbsy 1999/11/29 v1.2d Bold Symbols
\pmbraise@=\dimen149
)
(C:\Users\wilmer.castrillon\AppData\Local\Programs\MiKTeX\tex/latex/amsmath\ams
opn.sty
Package: amsopn 2021/08/26 v2.02 operator names
)
\inf@bad=\count199
LaTeX Info: Redefining \frac on input line 234.
\uproot@=\count266
\leftroot@=\count267
LaTeX Info: Redefining \overline on input line 399.
\classnum@=\count268
\DOTSCASE@=\count269
LaTeX Info: Redefining \ldots on input line 496.
LaTeX Info: Redefining \dots on input line 499.
LaTeX Info: Redefining \cdots on input line 620.
\Mathstrutbox@=\box50
\strutbox@=\box51
\big@size=\dimen150
LaTeX Font Info:    Redeclaring font encoding OML on input line 743.
LaTeX Font Info:    Redeclaring font encoding OMS on input line 744.
\macc@depth=\count270
\c@MaxMatrixCols=\count271
\dotsspace@=\muskip16
\c@parentequation=\count272
\dspbrk@lvl=\count273
\tag@help=\toks23
\row@=\count274
\column@=\count275
\maxfields@=\count276
\andhelp@=\toks24
\eqnshift@=\dimen151
\alignsep@=\dimen152
\tagshift@=\dimen153
\tagwidth@=\dimen154
\totwidth@=\dimen155
\lineht@=\dimen156
\@envbody=\toks25
\multlinegap=\skip53
\multlinetaggap=\skip54
\mathdisplay@stack=\toks26
LaTeX Info: Redefining \[ on input line 2938.
LaTeX Info: Redefining \] on input line 2939.
)
(C:\Users\wilmer.castrillon\AppData\Local\Programs\MiKTeX\tex/latex/graphics\gr
aphicx.sty
Package: graphicx 2021/09/16 v1.2d Enhanced LaTeX Graphics (DPC,SPQR)

(C:\Users\wilmer.castrillon\AppData\Local\Programs\MiKTeX\tex/latex/graphics\gr
aphics.sty
Package: graphics 2021/03/04 v1.4d Standard LaTeX Graphics (DPC,SPQR)

(C:\Users\wilmer.castrillon\AppData\Local\Programs\MiKTeX\tex/latex/graphics\tr
ig.sty
Package: trig 2021/08/11 v1.11 sin cos tan (DPC)
)
(C:\Users\wilmer.castrillon\AppData\Local\Programs\MiKTeX\tex/latex/graphics-cf
g\graphics.cfg
File: graphics.cfg 2016/06/04 v1.11 sample graphics configuration
)
Package graphics Info: Driver file: pdftex.def on input line 107.

(C:\Users\wilmer.castrillon\AppData\Local\Programs\MiKTeX\tex/latex/graphics-de
f\pdftex.def
File: pdftex.def 2020/10/05 v1.2a Graphics/color driver for pdftex
))
\Gin@req@height=\dimen157
\Gin@req@width=\dimen158
)
(C:\Users\wilmer.castrillon\AppData\Local\Programs\MiKTeX\tex/latex/caption\cap
tion.sty
Package: caption 2022/03/01 v3.6b Customizing captions (AR)

(C:\Users\wilmer.castrillon\AppData\Local\Programs\MiKTeX\tex/latex/caption\cap
tion3.sty
Package: caption3 2022/03/17 v2.3b caption3 kernel (AR)
\caption@tempdima=\dimen159
\captionmargin=\dimen160
\caption@leftmargin=\dimen161
\caption@rightmargin=\dimen162
\caption@width=\dimen163
\caption@indent=\dimen164
\caption@parindent=\dimen165
\caption@hangindent=\dimen166
Package caption Info: Standard document class detected.
)
\c@caption@flags=\count277
\c@continuedfloat=\count278
)
(C:\Users\wilmer.castrillon\AppData\Local\Programs\MiKTeX\tex/latex/listings\li
stings.sty
\lst@mode=\count279
\lst@gtempboxa=\box52
\lst@token=\toks27
\lst@length=\count280
\lst@currlwidth=\dimen167
\lst@column=\count281
\lst@pos=\count282
\lst@lostspace=\dimen168
\lst@width=\dimen169
\lst@newlines=\count283
\lst@lineno=\count284
\lst@maxwidth=\dimen170

(C:\Users\wilmer.castrillon\AppData\Local\Programs\MiKTeX\tex/latex/listings\ls
tmisc.sty
File: lstmisc.sty 2020/03/24 1.8d (Carsten Heinz)
\c@lstnumber=\count285
\lst@skipnumbers=\count286
\lst@framebox=\box53
)
(C:\Users\wilmer.castrillon\AppData\Local\Programs\MiKTeX\tex/latex/listings\li
stings.cfg
File: listings.cfg 2020/03/24 1.8d listings configuration
))
Package: listings 2020/03/24 1.8d (Carsten Heinz)

(C:\Users\wilmer.castrillon\AppData\Local\Programs\MiKTeX\tex/latex/graphics\co
lor.sty
Package: color 2021/12/07 v1.3c Standard LaTeX Color (DPC)

(C:\Users\wilmer.castrillon\AppData\Local\Programs\MiKTeX\tex/latex/graphics-cf
g\color.cfg
File: color.cfg 2016/01/02 v1.6 sample color configuration
)
Package color Info: Driver file: pdftex.def on input line 149.

(C:\Users\wilmer.castrillon\AppData\Local\Programs\MiKTeX\tex/latex/graphics\dv
ipsnam.def
File: dvipsnam.def 2016/06/17 v3.0m Driver-dependent file (DPC,SPQR)
))
(C:\Users\wilmer.castrillon\AppData\Local\Programs\MiKTeX\tex/latex/listings\ls
tlang1.sty
File: lstlang1.sty 2020/03/24 1.8d listings language file
)
(C:\Users\wilmer.castrillon\AppData\Local\Programs\MiKTeX\tex/latex/listings\ls
tlang1.sty
File: lstlang1.sty 2020/03/24 1.8d listings language file
)
(C:\Users\wilmer.castrillon\AppData\Local\Programs\MiKTeX\tex/latex/listings\ls
tmisc.sty
File: lstmisc.sty 2020/03/24 1.8d (Carsten Heinz)
)
(C:\Users\wilmer.castrillon\AppData\Local\Programs\MiKTeX\tex/latex/l3backend\l
3backend-pdftex.def
File: l3backend-pdftex.def 2022-02-07 L3 backend support: PDF output (pdfTeX)
\l__color_backend_stack_int=\count287
\l__pdf_internal_box=\box54
) (grafos.aux
LaTeX Info: Redefining \. on input line 8.
LaTeX Info: Redefining \% on input line 8.
)
\openout1 = `grafos.aux'.

LaTeX Font Info:    Checking defaults for OML/cmm/m/it on input line 74.
LaTeX Font Info:    ... okay on input line 74.
LaTeX Font Info:    Checking defaults for OMS/cmsy/m/n on input line 74.
LaTeX Font Info:    ... okay on input line 74.
LaTeX Font Info:    Checking defaults for OT1/cmr/m/n on input line 74.
LaTeX Font Info:    ... okay on input line 74.
LaTeX Font Info:    Checking defaults for T1/cmr/m/n on input line 74.
LaTeX Font Info:    ... okay on input line 74.
LaTeX Font Info:    Checking defaults for TS1/cmr/m/n on input line 74.
LaTeX Font Info:    ... okay on input line 74.
LaTeX Font Info:    Checking defaults for OMX/cmex/m/n on input line 74.
LaTeX Font Info:    ... okay on input line 74.
LaTeX Font Info:    Checking defaults for U/cmr/m/n on input line 74.
LaTeX Font Info:    ... okay on input line 74.
LaTeX Info: Redefining \. on input line 74.
LaTeX Info: Redefining \% on input line 74.

*geometry* driver: auto-detecting
*geometry* detected driver: pdftex
*geometry* verbose mode - [ preamble ] result:
* driver: pdftex
* paper: a4paper
* layout: <same size as paper>
* layoutoffset:(h,v)=(0.0pt,0.0pt)
* modes: 
* h-part:(L,W,R)=(56.9055pt, 483.69687pt, 56.9055pt)
* v-part:(T,H,B)=(56.9055pt, 731.23584pt, 56.9055pt)
* \paperwidth=597.50787pt
* \paperheight=845.04684pt
* \textwidth=483.69687pt
* \textheight=731.23584pt
* \oddsidemargin=-15.36449pt
* \evensidemargin=-15.36449pt
* \topmargin=-52.36449pt
* \headheight=12.0pt
* \headsep=25.0pt
* \topskip=12.0pt
* \footskip=30.0pt
* \marginparwidth=35.0pt
* \marginparsep=10.0pt
* \columnsep=10.0pt
* \skip\footins=10.8pt plus 4.0pt minus 2.0pt
* \hoffset=0.0pt
* \voffset=0.0pt
* \mag=1000
* \@twocolumnfalse
* \@twosidefalse
* \@mparswitchfalse
* \@reversemarginfalse
* (1in=72.27pt=25.4mm, 1cm=28.453pt)


(C:\Users\wilmer.castrillon\AppData\Local\Programs\MiKTeX\tex/context/base/mkii
\supp-pdf.mkii
[Loading MPS to PDF converter (version 2006.09.02).]
\scratchcounter=\count288
\scratchdimen=\dimen171
\scratchbox=\box55
\nofMPsegments=\count289
\nofMParguments=\count290
\everyMPshowfont=\toks28
\MPscratchCnt=\count291
\MPscratchDim=\dimen172
\MPnumerator=\count292
\makeMPintoPDFobject=\count293
\everyMPtoPDFconversion=\toks29
)
(C:\Users\wilmer.castrillon\AppData\Local\Programs\MiKTeX\tex/latex/epstopdf-pk
g\epstopdf-base.sty
Package: epstopdf-base 2020-01-24 v2.11 Base part for package epstopdf

(C:\Users\wilmer.castrillon\AppData\Local\Programs\MiKTeX\tex/generic/infwarerr
\infwarerr.sty
Package: infwarerr 2019/12/03 v1.5 Providing info/warning/error messages (HO)
)
(C:\Users\wilmer.castrillon\AppData\Local\Programs\MiKTeX\tex/latex/grfext\grfe
xt.sty
Package: grfext 2019/12/03 v1.3 Manage graphics extensions (HO)

(C:\Users\wilmer.castrillon\AppData\Local\Programs\MiKTeX\tex/generic/kvdefinek
eys\kvdefinekeys.sty
Package: kvdefinekeys 2019-12-19 v1.6 Define keys (HO)
))
(C:\Users\wilmer.castrillon\AppData\Local\Programs\MiKTeX\tex/latex/kvoptions\k
voptions.sty
Package: kvoptions 2020-10-07 v3.14 Key value format for package options (HO)

(C:\Users\wilmer.castrillon\AppData\Local\Programs\MiKTeX\tex/generic/ltxcmds\l
txcmds.sty
Package: ltxcmds 2020-05-10 v1.25 LaTeX kernel commands for general use (HO)
)
(C:\Users\wilmer.castrillon\AppData\Local\Programs\MiKTeX\tex/generic/kvsetkeys
\kvsetkeys.sty
Package: kvsetkeys 2019/12/15 v1.18 Key value parser (HO)
))
(C:\Users\wilmer.castrillon\AppData\Local\Programs\MiKTeX\tex/generic/pdftexcmd
s\pdftexcmds.sty
Package: pdftexcmds 2020-06-27 v0.33 Utility functions of pdfTeX for LuaTeX (HO
)
Package pdftexcmds Info: \pdf@primitive is available.
Package pdftexcmds Info: \pdf@ifprimitive is available.
Package pdftexcmds Info: \pdfdraftmode found.
)
Package epstopdf-base Info: Redefining graphics rule for `.eps' on input line 4
85.
Package grfext Info: Graphics extension search list:
(grfext)             [.pdf,.png,.jpg,.mps,.jpeg,.jbig2,.jb2,.PDF,.PNG,.JPG,.JPE
G,.JBIG2,.JB2,.eps]
(grfext)             \AppendGraphicsExtensions on input line 504.

(C:\Users\wilmer.castrillon\AppData\Local\Programs\MiKTeX\tex/latex/00miktex\ep
stopdf-sys.cfg
File: epstopdf-sys.cfg 2021/03/18 v2.0 Configuration of epstopdf for MiKTeX
))
Package caption Info: Begin \AtBeginDocument code.
Package caption Info: listings package is loaded.
Package caption Info: End \AtBeginDocument code.
\c@lstlisting=\count294
 [1

{C:/Users/wilmer.castrillon/AppData/Local/MiKTeX/fonts/map/pdftex/pdftex.map}]
<..//Grafos/imagenes/introduccion/ejemplo.png, id=8, 188.20313pt x 188.20313pt>

File: ..//Grafos/imagenes/introduccion/ejemplo.png Graphic file (type png)
<use ..//Grafos/imagenes/introduccion/ejemplo.png>
Package pdftex.def Info: ..//Grafos/imagenes/introduccion/ejemplo.png  used on 
input line 134.
(pdftex.def)             Requested size: 188.20265pt x 188.20265pt.
 (../Grafos/codigos/Grafos.cpp
consecutive:
)
Overfull \hbox (24.18631pt too wide) in paragraph at lines 132--143
[]$[]$$[]$ 
 []

(../Grafos/codigos/Grafos.cpp
consecutive:
) (../Grafos/codigos/Grafos.cpp
consecutive:
)
Overfull \hbox (24.18631pt too wide) in paragraph at lines 146--156
[]$[]$$[]$ 
 []

[2 <..//Grafos/imagenes/introduccion/ejemplo.png>]
Underfull \hbox (badness 10000) in paragraph at lines 168--173

 []

<..//Grafos/imagenes/DFS_y_BFS/DFS1.png, id=15, 188.20313pt x 188.20313pt>
File: ..//Grafos/imagenes/DFS_y_BFS/DFS1.png Graphic file (type png)
<use ..//Grafos/imagenes/DFS_y_BFS/DFS1.png>
Package pdftex.def Info: ..//Grafos/imagenes/DFS_y_BFS/DFS1.png  used on input 
line 183.
(pdftex.def)             Requested size: 188.20265pt x 188.20265pt.
<..//Grafos/imagenes/DFS_y_BFS/DFS2.png, id=17, 188.20313pt x 188.20313pt>
File: ..//Grafos/imagenes/DFS_y_BFS/DFS2.png Graphic file (type png)
<use ..//Grafos/imagenes/DFS_y_BFS/DFS2.png>
Package pdftex.def Info: ..//Grafos/imagenes/DFS_y_BFS/DFS2.png  used on input 
line 189.
(pdftex.def)             Requested size: 188.20265pt x 188.20265pt.
(../Grafos/codigos/DFS.cpp
consecutive:
) [3 <..//Grafos/imagenes/DFS_y_BFS/DFS1.png> <..//Grafos/imagenes/DFS_y_BFS/DF
S2.png>]
Underfull \hbox (badness 10000) in paragraph at lines 201--205

 []

<..//Grafos/imagenes/DFS_y_BFS/BFS1.png, id=23, 188.20313pt x 188.20313pt>
File: ..//Grafos/imagenes/DFS_y_BFS/BFS1.png Graphic file (type png)
<use ..//Grafos/imagenes/DFS_y_BFS/BFS1.png>
Package pdftex.def Info: ..//Grafos/imagenes/DFS_y_BFS/BFS1.png  used on input 
line 215.
(pdftex.def)             Requested size: 188.20265pt x 188.20265pt.
<..//Grafos/imagenes/DFS_y_BFS/BFS2.png, id=24, 188.20313pt x 188.20313pt>
File: ..//Grafos/imagenes/DFS_y_BFS/BFS2.png Graphic file (type png)
<use ..//Grafos/imagenes/DFS_y_BFS/BFS2.png>
Package pdftex.def Info: ..//Grafos/imagenes/DFS_y_BFS/BFS2.png  used on input 
line 221.
(pdftex.def)             Requested size: 188.20265pt x 188.20265pt.
(../Grafos/codigos/BFS.cpp
consecutive:
) [4 <..//Grafos/imagenes/DFS_y_BFS/BFS1.png> <..//Grafos/imagenes/DFS_y_BFS/BF
S2.png>]
<..//Grafos/imagenes/bipartitos/BipartitoSi.png, id=30, 188.20313pt x 188.20313
pt>
File: ..//Grafos/imagenes/bipartitos/BipartitoSi.png Graphic file (type png)
<use ..//Grafos/imagenes/bipartitos/BipartitoSi.png>
Package pdftex.def Info: ..//Grafos/imagenes/bipartitos/BipartitoSi.png  used o
n input line 251.
(pdftex.def)             Requested size: 188.20265pt x 188.20265pt.
<..//Grafos/imagenes/bipartitos/BipartitoNo.png, id=31, 188.20313pt x 188.20313
pt>
File: ..//Grafos/imagenes/bipartitos/BipartitoNo.png Graphic file (type png)
<use ..//Grafos/imagenes/bipartitos/BipartitoNo.png>
Package pdftex.def Info: ..//Grafos/imagenes/bipartitos/BipartitoNo.png  used o
n input line 257.
(pdftex.def)             Requested size: 188.20265pt x 188.20265pt.
 (../Grafos/codigos/BipartiteCheck.cpp
consecutive:
[5 <..//Grafos/imagenes/bipartitos/BipartitoSi.png> <..//Grafos/imagenes/bipart
itos/BipartitoNo.png>])
Underfull \hbox (badness 10000) in paragraph at lines 285--290

 []

[6] (../Grafos/codigos/kruskal.cpp
consecutive:
) [7] (grafos.aux
LaTeX Info: Redefining \. on input line 8.
LaTeX Info: Redefining \% on input line 8.
) ) 
Here is how much of TeX's memory you used:
 8162 strings out of 478582
 137649 string characters out of 2838680
 742326 words of memory out of 3000000
 26227 multiletter control sequences out of 15000+600000
 476028 words of font info for 52 fonts, out of 8000000 for 9000
 1141 hyphenation exceptions out of 8191
 60i,9n,67p,225b,1785s stack positions out of 10000i,1000n,20000p,200000b,80000s
<C:/Users/wilmer.castrillon/AppData/Local/Programs/MiKTeX/fonts/type1/public
/amsfonts/cm/cmbx12.pfb><C:/Users/wilmer.castrillon/AppData/Local/Programs/MiKT
eX/fonts/type1/public/amsfonts/cm/cmmi12.pfb><C:/Users/wilmer.castrillon/AppDat
a/Local/Programs/MiKTeX/fonts/type1/public/amsfonts/cm/cmmi8.pfb><C:/Users/wilm
er.castrillon/AppData/Local/Programs/MiKTeX/fonts/type1/public/amsfonts/cm/cmr1
2.pfb><C:/Users/wilmer.castrillon/AppData/Local/Programs/MiKTeX/fonts/type1/pub
lic/amsfonts/cm/cmr6.pfb><C:/Users/wilmer.castrillon/AppData/Local/Programs/MiK
TeX/fonts/type1/public/amsfonts/cm/cmsy10.pfb><C:/Users/wilmer.castrillon/AppDa
ta/Local/Programs/MiKTeX/fonts/type1/public/amsfonts/cm/cmtt12.pfb>
Output written on grafos.pdf (7 pages, 125813 bytes).
PDF statistics:
 75 PDF objects out of 1000 (max. 8388607)
 0 named destinations out of 1000 (max. 500000)
 36 words of extra memory for PDF output out of 10000 (max. 10000000)

